
projetlabyrinthe: system execution failed.
Following is the set of recorded exceptions:

-------------------------------------------------------------------------------
Class / Object      Routine                Nature of exception           Effect
-------------------------------------------------------------------------------
ARRAYED_LIST        i_th @2                valid_index:                 
<0000000004134D38>                         Precondition violated.        Fail
-------------------------------------------------------------------------------
GAME_ENGINE         on_iteration @2                                     
<0000000004132A08>                         Routine failure.              Fail
-------------------------------------------------------------------------------
PROCEDURE           fast_call                                           
<000000000413DDB8>                         Routine failure.              Fail
-------------------------------------------------------------------------------
PROCEDURE           call @5                                             
<000000000413DDB8>                         Routine failure.              Fail
-------------------------------------------------------------------------------
ACTION_SEQUENCE     call @22                                            
<000000000413DC28>                         Routine failure.              Fail
-------------------------------------------------------------------------------
GAME_LIBRARY_CONTROLLER
                    inline-agent#5 of make @1
<00000000041305E8>  (From GAME_COMMON_EVENTS)
                                           Routine failure.              Fail
-------------------------------------------------------------------------------
PROCEDURE           fast_call                                           
<0000000004131BE8>                         Routine failure.              Fail
-------------------------------------------------------------------------------
PROCEDURE           call @5                                             
<0000000004131BE8>                         Routine failure.              Fail
-------------------------------------------------------------------------------
ACTION_SEQUENCE     call @22                                            
<00000000041308A8>                         Routine failure.              Fail
-------------------------------------------------------------------------------
GAME_EVENTS_CONTROLLER
                    poll_event @4          
<0000000004130768>                         Routine failure.              Fail
-------------------------------------------------------------------------------
GAME_LIBRARY_CONTROLLER
                    update_events @1       
<00000000041305E8>                         Routine failure.              Fail
-------------------------------------------------------------------------------
GAME_LIBRARY_CONTROLLER
                    launch @4              
<00000000041305E8>                         Routine failure.              Fail
-------------------------------------------------------------------------------
GAME_ENGINE         make @16                                            
<0000000004132A08>                         Routine failure.              Fail
-------------------------------------------------------------------------------
APPLICATION         make @4                                             
<00000000041305A8>                         Routine failure.              Fail
-------------------------------------------------------------------------------
APPLICATION         root's creation                                     
<00000000041305A8>                         Routine failure.              Exit
-------------------------------------------------------------------------------
ARRAYED_LIST        i_th @3                index_small_enough:          
<0000000004134D38>                         Runtime check violated.       Exit
-------------------------------------------------------------------------------
ARRAYED_LIST        i_th @3                                             
<0000000004134D38>                         Routine failure.              Exit
-------------------------------------------------------------------------------
GAME_ENGINE         on_iteration @2                                     
<0000000004132A08>                         Routine failure.              Exit
-------------------------------------------------------------------------------
PROCEDURE           fast_call                                           
<000000000413DDB8>                         Routine failure.              Exit
-------------------------------------------------------------------------------
PROCEDURE           call @5                                             
<000000000413DDB8>                         Routine failure.              Exit
-------------------------------------------------------------------------------
ACTION_SEQUENCE     call @22                                            
<000000000413DC28>                         Routine failure.              Exit
-------------------------------------------------------------------------------
GAME_LIBRARY_CONTROLLER
                    inline-agent#5 of make @1
<00000000041305E8>  (From GAME_COMMON_EVENTS)
                                           Routine failure.              Exit
-------------------------------------------------------------------------------
PROCEDURE           fast_call                                           
<0000000004131BE8>                         Routine failure.              Exit
-------------------------------------------------------------------------------
PROCEDURE           call @5                                             
<0000000004131BE8>                         Routine failure.              Exit
-------------------------------------------------------------------------------
ACTION_SEQUENCE     call @22                                            
<00000000041308A8>                         Routine failure.              Exit
-------------------------------------------------------------------------------
GAME_EVENTS_CONTROLLER
                    poll_event @4          
<0000000004130768>                         Routine failure.              Exit
-------------------------------------------------------------------------------
GAME_LIBRARY_CONTROLLER
                    update_events @1       
<00000000041305E8>                         Routine failure.              Exit
-------------------------------------------------------------------------------
GAME_LIBRARY_CONTROLLER
                    launch @4              
<00000000041305E8>                         Routine failure.              Exit
-------------------------------------------------------------------------------
GAME_ENGINE         make @16                                            
<0000000004132A08>                         Routine failure.              Exit
-------------------------------------------------------------------------------
APPLICATION         make @4                                             
<00000000041305A8>                         Routine failure.              Exit
-------------------------------------------------------------------------------
APPLICATION         root's creation                                     
<00000000041305A8>                         Routine failure.              Exit
-------------------------------------------------------------------------------

projetlabyrinthe: system execution failed.
Following is the set of recorded exceptions:

-------------------------------------------------------------------------------
Class / Object      Routine                Nature of exception           Effect
-------------------------------------------------------------------------------
ARRAYED_LIST        i_th @2                valid_index:                 
<00000000040F4E38>                         Precondition violated.        Fail
-------------------------------------------------------------------------------
GAME_ENGINE         init_board @22                                      
<00000000040F2A08>                         Routine failure.              Fail
-------------------------------------------------------------------------------
GAME_ENGINE         make @3                                             
<00000000040F2A08>                         Routine failure.              Fail
-------------------------------------------------------------------------------
APPLICATION         make @4                                             
<00000000040F05A8>                         Routine failure.              Fail
-------------------------------------------------------------------------------
APPLICATION         root's creation                                     
<00000000040F05A8>                         Routine failure.              Exit
-------------------------------------------------------------------------------

projetlabyrinthe: system execution failed.
Following is the set of recorded exceptions:

-------------------------------------------------------------------------------
Class / Object      Routine                Nature of exception           Effect
-------------------------------------------------------------------------------
ARRAYED_LIST        i_th @2                valid_index:                 
<0000000003F14E38>                         Precondition violated.        Fail
-------------------------------------------------------------------------------
GAME_ENGINE         init_board @22                                      
<0000000003F12A08>                         Routine failure.              Fail
-------------------------------------------------------------------------------
GAME_ENGINE         make @3                                             
<0000000003F12A08>                         Routine failure.              Fail
-------------------------------------------------------------------------------
APPLICATION         make @4                                             
<0000000003F105A8>                         Routine failure.              Fail
-------------------------------------------------------------------------------
APPLICATION         root's creation                                     
<0000000003F105A8>                         Routine failure.              Exit
-------------------------------------------------------------------------------

projetlabyrinthe: system execution failed.
Following is the set of recorded exceptions:

-------------------------------------------------------------------------------
Class / Object      Routine                Nature of exception           Effect
-------------------------------------------------------------------------------
ARRAYED_LIST        at @1                  valid_key:                   
<0000000004004D38>                         Precondition violated.        Fail
-------------------------------------------------------------------------------
GAME_ENGINE         on_iteration @2                                     
<0000000004002A08>                         Routine failure.              Fail
-------------------------------------------------------------------------------
PROCEDURE           fast_call                                           
<000000000400DDB8>                         Routine failure.              Fail
-------------------------------------------------------------------------------
PROCEDURE           call @5                                             
<000000000400DDB8>                         Routine failure.              Fail
-------------------------------------------------------------------------------
ACTION_SEQUENCE     call @22                                            
<000000000400DC28>                         Routine failure.              Fail
-------------------------------------------------------------------------------
GAME_LIBRARY_CONTROLLER
                    inline-agent#5 of make @1
<00000000040005E8>  (From GAME_COMMON_EVENTS)
                                           Routine failure.              Fail
-------------------------------------------------------------------------------
PROCEDURE           fast_call                                           
<0000000004001BE8>                         Routine failure.              Fail
-------------------------------------------------------------------------------
PROCEDURE           call @5                                             
<0000000004001BE8>                         Routine failure.              Fail
-------------------------------------------------------------------------------
ACTION_SEQUENCE     call @22                                            
<00000000040008A8>                         Routine failure.              Fail
-------------------------------------------------------------------------------
GAME_EVENTS_CONTROLLER
                    poll_event @4          
<0000000004000768>                         Routine failure.              Fail
-------------------------------------------------------------------------------
GAME_LIBRARY_CONTROLLER
                    update_events @1       
<00000000040005E8>                         Routine failure.              Fail
-------------------------------------------------------------------------------
GAME_LIBRARY_CONTROLLER
                    launch @4              
<00000000040005E8>                         Routine failure.              Fail
-------------------------------------------------------------------------------
GAME_ENGINE         make @16                                            
<0000000004002A08>                         Routine failure.              Fail
-------------------------------------------------------------------------------
APPLICATION         make @4                                             
<00000000040005A8>                         Routine failure.              Fail
-------------------------------------------------------------------------------
APPLICATION         root's creation                                     
<00000000040005A8>                         Routine failure.              Exit
-------------------------------------------------------------------------------
ARRAYED_LIST        at @2                  index_large_enough:          
<0000000004004D38>                         Runtime check violated.       Exit
-------------------------------------------------------------------------------
ARRAYED_LIST        at @2                                               
<0000000004004D38>                         Routine failure.              Exit
-------------------------------------------------------------------------------
GAME_ENGINE         on_iteration @2                                     
<0000000004002A08>                         Routine failure.              Exit
-------------------------------------------------------------------------------
PROCEDURE           fast_call                                           
<000000000400DDB8>                         Routine failure.              Exit
-------------------------------------------------------------------------------
PROCEDURE           call @5                                             
<000000000400DDB8>                         Routine failure.              Exit
-------------------------------------------------------------------------------
ACTION_SEQUENCE     call @22                                            
<000000000400DC28>                         Routine failure.              Exit
-------------------------------------------------------------------------------
GAME_LIBRARY_CONTROLLER
                    inline-agent#5 of make @1
<00000000040005E8>  (From GAME_COMMON_EVENTS)
                                           Routine failure.              Exit
-------------------------------------------------------------------------------
PROCEDURE           fast_call                                           
<0000000004001BE8>                         Routine failure.              Exit
-------------------------------------------------------------------------------
PROCEDURE           call @5                                             
<0000000004001BE8>                         Routine failure.              Exit
-------------------------------------------------------------------------------
ACTION_SEQUENCE     call @22                                            
<00000000040008A8>                         Routine failure.              Exit
-------------------------------------------------------------------------------
GAME_EVENTS_CONTROLLER
                    poll_event @4          
<0000000004000768>                         Routine failure.              Exit
-------------------------------------------------------------------------------
GAME_LIBRARY_CONTROLLER
                    update_events @1       
<00000000040005E8>                         Routine failure.              Exit
-------------------------------------------------------------------------------
GAME_LIBRARY_CONTROLLER
                    launch @4              
<00000000040005E8>                         Routine failure.              Exit
-------------------------------------------------------------------------------
GAME_ENGINE         make @16                                            
<0000000004002A08>                         Routine failure.              Exit
-------------------------------------------------------------------------------
APPLICATION         make @4                                             
<00000000040005A8>                         Routine failure.              Exit
-------------------------------------------------------------------------------
APPLICATION         root's creation                                     
<00000000040005A8>                         Routine failure.              Exit
-------------------------------------------------------------------------------

projetlabyrinthe: system execution failed.
Following is the set of recorded exceptions:

-------------------------------------------------------------------------------
Class / Object      Routine                Nature of exception           Effect
-------------------------------------------------------------------------------
ARRAYED_LIST        put_i_th @2            valid_key:                   
<0000000004144E38>                         Precondition violated.        Fail
-------------------------------------------------------------------------------
GAME_ENGINE         init_board @8                                       
<0000000004142A08>                         Routine failure.              Fail
-------------------------------------------------------------------------------
GAME_ENGINE         make @3                                             
<0000000004142A08>                         Routine failure.              Fail
-------------------------------------------------------------------------------
APPLICATION         make @4                                             
<00000000041405A8>                         Routine failure.              Fail
-------------------------------------------------------------------------------
APPLICATION         root's creation                                     
<00000000041405A8>                         Routine failure.              Exit
-------------------------------------------------------------------------------

projetlabyrinthe: system execution failed.
Following is the set of recorded exceptions:

-------------------------------------------------------------------------------
Class / Object      Routine                Nature of exception           Effect
-------------------------------------------------------------------------------
ARRAYED_LIST        make_filled @2         has_default:                 
<0000000003EE4DB8>                         Precondition violated.        Fail
-------------------------------------------------------------------------------
GAME_ENGINE         init_board @1                                       
<0000000003EE2A08>                         Routine failure.              Fail
-------------------------------------------------------------------------------
GAME_ENGINE         make @3                                             
<0000000003EE2A08>                         Routine failure.              Fail
-------------------------------------------------------------------------------
APPLICATION         make @4                                             
<0000000003EE05A8>                         Routine failure.              Fail
-------------------------------------------------------------------------------
APPLICATION         root's creation                                     
<0000000003EE05A8>                         Routine failure.              Exit
-------------------------------------------------------------------------------
